[debug] [2021-05-05T08:14:10.607Z] ----------------------------------------------------------------------
[debug] [2021-05-05T08:14:10.611Z] Command:       C:\Program Files\nodejs\node.exe C:\Users\admin\AppData\Roaming\npm\node_modules\firebase-tools\lib\bin\firebase.js init
[debug] [2021-05-05T08:14:10.612Z] CLI Version:   9.10.0
[debug] [2021-05-05T08:14:10.612Z] Platform:      win32
[debug] [2021-05-05T08:14:10.612Z] Node Version:  v14.16.1
[debug] [2021-05-05T08:14:10.789Z] Time:          Wed May 05 2021 13:44:10 GMT+0530 (India Standard Time)
[debug] [2021-05-05T08:14:10.789Z] ----------------------------------------------------------------------
[debug] 
[debug] [2021-05-05T08:14:10.859Z] > command requires scopes: ["email","openid","https://www.googleapis.com/auth/cloudplatformprojects.readonly","https://www.googleapis.com/auth/firebase","https://www.googleapis.com/auth/cloud-platform"]
[debug] [2021-05-05T08:14:10.860Z] > authorizing via signed-in user (taqiarzoo434@gmail.com)
[info] 
     ######## #### ########  ######## ########     ###     ######  ########
     ##        ##  ##     ## ##       ##     ##  ##   ##  ##       ##
     ######    ##  ########  ######   ########  #########  ######  ######
     ##        ##  ##    ##  ##       ##     ## ##     ##       ## ##
     ##       #### ##     ## ######## ########  ##     ##  ######  ########

You're about to initialize a Firebase project in this directory:

  D:\Acadmic\intrenship\angular Project\VManagement

Before we get started, keep in mind:

  * You are initializing in an existing Firebase project directory

[info] 
=== Project Setup
[info] 
[info] First, let's associate this project directory with a Firebase project.
[info] You can create multiple project aliases by running firebase use --add, 
[info] but for now we'll just set up a default project.
[info] 
[info] i  .firebaserc already has a default project, using vmanagement-22ebf. 
[debug] [2021-05-05T09:32:12.533Z] > refreshing access token with scopes: []
[debug] [2021-05-05T09:32:12.535Z] >>> HTTP REQUEST POST https://www.googleapis.com/oauth2/v3/token  
 <request body omitted>
[debug] [2021-05-05T09:32:13.572Z] <<< HTTP RESPONSE 200 {"pragma":"no-cache","expires":"Mon, 01 Jan 1990 00:00:00 GMT","date":"Wed, 05 May 2021 09:32:12 GMT","cache-control":"no-cache, no-store, max-age=0, must-revalidate","content-type":"application/json; charset=utf-8","vary":"X-Origin, Referer, Origin,Accept-Encoding","server":"scaffolding on HTTPServer2","x-xss-protection":"0","x-frame-options":"SAMEORIGIN","x-content-type-options":"nosniff","alt-svc":"h3-29=\":443\"; ma=2592000,h3-T051=\":443\"; ma=2592000,h3-Q050=\":443\"; ma=2592000,h3-Q046=\":443\"; ma=2592000,h3-Q043=\":443\"; ma=2592000,quic=\":443\"; ma=2592000; v=\"46,43\"","accept-ranges":"none","transfer-encoding":"chunked"}
[debug] [2021-05-05T09:32:13.715Z] >>> [apiv2][query] GET https://firebase.googleapis.com/v1beta1/projects/vmanagement-22ebf [none]
[debug] [2021-05-05T09:32:14.505Z] <<< [apiv2][status] GET https://firebase.googleapis.com/v1beta1/projects/vmanagement-22ebf 200
[debug] [2021-05-05T09:32:14.505Z] <<< [apiv2][body] GET https://firebase.googleapis.com/v1beta1/projects/vmanagement-22ebf {"projectId":"vmanagement-22ebf","projectNumber":"414645304558","displayName":"vManagement","name":"projects/vmanagement-22ebf","resources":{"hostingSite":"vmanagement-22ebf","realtimeDatabaseInstance":"vmanagement-22ebf-default-rtdb"},"state":"ACTIVE"}
[info] 
=== Hosting Setup
[info] 
[info] Your public directory is the folder (relative to your project directory) that
[info] will contain Hosting assets to be uploaded with firebase deploy. If you
[info] have a build process for your assets, use your build's output directory.
[info] 
[debug] [2021-05-05T09:33:27.511Z] ----------------------------------------------------------------------
[debug] [2021-05-05T09:33:27.515Z] Command:       C:\Program Files\nodejs\node.exe C:\Users\admin\AppData\Roaming\npm\node_modules\firebase-tools\lib\bin\firebase.js deploy
[debug] [2021-05-05T09:33:27.516Z] CLI Version:   9.10.0
[debug] [2021-05-05T09:33:27.516Z] Platform:      win32
[debug] [2021-05-05T09:33:27.516Z] Node Version:  v14.16.1
[debug] [2021-05-05T09:33:27.544Z] Time:          Wed May 05 2021 15:03:27 GMT+0530 (India Standard Time)
[debug] [2021-05-05T09:33:27.544Z] ----------------------------------------------------------------------
[debug] 
[debug] [2021-05-05T09:33:27.566Z] >>> [apiv2][query] GET https://firebase-public.firebaseio.com/cli.json [none]
[debug] [2021-05-05T09:33:27.624Z] > command requires scopes: ["email","openid","https://www.googleapis.com/auth/cloudplatformprojects.readonly","https://www.googleapis.com/auth/firebase","https://www.googleapis.com/auth/cloud-platform"]
[debug] [2021-05-05T09:33:27.625Z] > authorizing via signed-in user (taqiarzoo434@gmail.com)
[debug] [2021-05-05T09:33:27.625Z] [iam] checking project vmanagement-22ebf for permissions ["firebase.projects.get","firebasehosting.sites.update"]
[debug] [2021-05-05T09:33:27.628Z] > refreshing access token with scopes: ["email","https://www.googleapis.com/auth/cloud-platform","https://www.googleapis.com/auth/cloudplatformprojects.readonly","https://www.googleapis.com/auth/firebase","openid"]
[debug] [2021-05-05T09:33:27.629Z] >>> HTTP REQUEST POST https://www.googleapis.com/oauth2/v3/token  
 <request body omitted>
[debug] [2021-05-05T09:33:36.110Z] <<< [apiv2][status] GET https://firebase-public.firebaseio.com/cli.json 200
[debug] [2021-05-05T09:33:36.110Z] <<< [apiv2][body] GET https://firebase-public.firebaseio.com/cli.json {"cloudBuildErrorAfter":1594252800000,"cloudBuildWarnAfter":1590019200000,"defaultNode10After":1594252800000,"minVersion":"3.0.5","node8DeploysDisabledAfter":1613390400000,"node8RuntimeDisabledAfter":1615809600000,"node8WarnAfter":1600128000000}
[debug] [2021-05-05T09:36:34.798Z] [iam] error while checking permissions, command may fail: FirebaseError: Authentication Error: Your credentials are no longer valid. Please run firebase login --reauth

For CI servers and headless environments, generate a new token with firebase login:ci
[debug] [2021-05-05T09:36:34.800Z] >>> [apiv2][query] GET https://firebase.googleapis.com/v1beta1/projects/vmanagement-22ebf [none]
[debug] [2021-05-05T09:36:51.406Z] Failed to make request to https://firebase.googleapis.com/v1beta1/projects/vmanagement-22ebf
[debug] [2021-05-05T09:36:52.214Z] FirebaseError: Failed to make request to https://firebase.googleapis.com/v1beta1/projects/vmanagement-22ebf
    at Client.doRequest (C:\Users\admin\AppData\Roaming\npm\node_modules\firebase-tools\lib\apiv2.js:211:19)
    at processTicksAndRejections (internal/process/task_queues.js:93:5)
    at async Client.request (C:\Users\admin\AppData\Roaming\npm\node_modules\firebase-tools\lib\apiv2.js:96:20)
    at async Object.getFirebaseProject (C:\Users\admin\AppData\Roaming\npm\node_modules\firebase-tools\lib\management\projects.js:290:21)
    at async Object.getDefaultHostingSite (C:\Users\admin\AppData\Roaming\npm\node_modules\firebase-tools\lib\getDefaultHostingSite.js:8:21)
    at async requireHostingSite (C:\Users\admin\AppData\Roaming\npm\node_modules\firebase-tools\lib\requireHostingSite.js:9:18)
    at async Object.fn (C:\Users\admin\AppData\Roaming\npm\node_modules\firebase-tools\lib\commands\deploy.js:66:9)
    at async C:\Users\admin\AppData\Roaming\npm\node_modules\firebase-tools\lib\command.js:169:17
[error] 
[error] Error: Failed to get Firebase project vmanagement-22ebf. Please make sure the project exists and your account has permission to access it.
